{"C:\\Users\\asnghal\\apo-console\\src\\components\\Demo5.js": {"path":"C:\\Users\\asnghal\\apo-console\\src\\components\\Demo5.js","statementMap":{"0":{"start":{"line":7,"column":21},"end":{"line":37,"column":1}},"1":{"start":{"line":8,"column":27},"end":{"line":8,"column":38}},"2":{"start":{"line":11,"column":19},"end":{"line":14,"column":5}},"3":{"start":{"line":12,"column":9},"end":{"line":12,"column":26}},"4":{"start":{"line":13,"column":9},"end":{"line":13,"column":17}},"5":{"start":{"line":15,"column":19},"end":{"line":18,"column":5}},"6":{"start":{"line":16,"column":9},"end":{"line":16,"column":26}},"7":{"start":{"line":17,"column":9},"end":{"line":17,"column":17}},"8":{"start":{"line":23,"column":2},"end":{"line":36,"column":3}}},"fnMap":{"0":{"name":"(anonymous_0)","decl":{"start":{"line":7,"column":21},"end":{"line":7,"column":22}},"loc":{"start":{"line":7,"column":27},"end":{"line":37,"column":1}},"line":7},"1":{"name":"(anonymous_1)","decl":{"start":{"line":11,"column":19},"end":{"line":11,"column":20}},"loc":{"start":{"line":11,"column":23},"end":{"line":14,"column":5}},"line":11},"2":{"name":"(anonymous_2)","decl":{"start":{"line":15,"column":19},"end":{"line":15,"column":20}},"loc":{"start":{"line":15,"column":23},"end":{"line":18,"column":5}},"line":15}},"branchMap":{},"s":{"0":1,"1":2,"2":1,"3":0,"4":0,"5":1,"6":0,"7":0,"8":1},"f":{"0":2,"1":0,"2":0},"b":{},"_coverageSchema":"1a1c01bbd47fc00a2c39e90264f33305004495a9","hash":"c34ab6885e51d064458f4056ff9fe51ca220e877"}
}
