TN:
SF:src\App.js
FN:30,App
FN:36,(anonymous_1)
FN:48,(anonymous_2)
FN:50,(anonymous_3)
FNF:4
FNH:3
FNDA:8,App
FNDA:8,(anonymous_1)
FNDA:8,(anonymous_2)
FNDA:0,(anonymous_3)
DA:35,8
DA:36,8
DA:37,8
DA:38,4
DA:39,4
DA:42,8
DA:43,0
DA:48,8
DA:49,8
DA:50,0
DA:52,8
LF:11
LH:9
BRDA:37,0,0,4
BRDA:37,0,1,4
BRDA:42,1,0,0
BRDA:42,1,1,8
BRF:4
BRH:3
end_of_record
TN:
SF:src\configs.ts
FN:12,(anonymous_0)
FNF:1
FNH:0
FNDA:0,(anonymous_0)
DA:2,6
DA:12,6
DA:13,0
DA:14,0
LF:4
LH:2
BRF:0
BRH:0
end_of_record
TN:
SF:src\constants.ts
FNF:0
FNH:0
DA:1,10
LF:1
LH:1
BRF:0
BRH:0
end_of_record
TN:
SF:src\api-integration\Path.js
FNF:0
FNH:0
DA:1,6
LF:1
LH:1
BRF:0
BRH:0
end_of_record
TN:
SF:src\components\BulkEmail.js
FN:10,(anonymous_0)
FN:17,(anonymous_1)
FN:22,(anonymous_2)
FN:45,(anonymous_3)
FN:46,(anonymous_4)
FN:57,(anonymous_5)
FN:97,(anonymous_6)
FNF:7
FNH:3
FNDA:3,(anonymous_0)
FNDA:0,(anonymous_1)
FNDA:1,(anonymous_2)
FNDA:0,(anonymous_3)
FNDA:0,(anonymous_4)
FNDA:3,(anonymous_5)
FNDA:0,(anonymous_6)
DA:10,6
DA:12,3
DA:17,3
DA:18,0
DA:22,3
DA:24,1
DA:25,0
DA:26,0
DA:30,0
DA:36,0
DA:43,0
DA:45,0
DA:46,0
DA:51,1
DA:52,1
DA:57,3
DA:59,3
DA:61,0
DA:77,3
DA:86,3
DA:97,0
LF:21
LH:11
BRDA:24,0,0,0
BRDA:24,0,1,1
BRDA:45,1,0,0
BRDA:45,1,1,0
BRDA:59,2,0,0
BRDA:59,2,1,3
BRF:6
BRH:2
end_of_record
TN:
SF:src\components\Login.js
FN:10,(anonymous_0)
FN:12,(anonymous_1)
FN:20,(anonymous_2)
FNF:3
FNH:2
FNDA:5,(anonymous_0)
FNDA:4,(anonymous_1)
FNDA:0,(anonymous_2)
DA:10,6
DA:11,5
DA:12,5
DA:13,4
DA:15,0
DA:20,5
DA:21,0
DA:23,5
LF:8
LH:6
BRDA:13,0,0,0
BRDA:13,0,1,4
BRDA:25,1,0,0
BRDA:25,1,1,5
BRF:4
BRH:2
end_of_record
TN:
SF:src\components\MakeCard.js
FN:13,(anonymous_0)
FNF:1
FNH:1
FNDA:3,(anonymous_0)
DA:13,6
DA:14,3
LF:2
LH:2
BRF:0
BRH:0
end_of_record
TN:
SF:src\components\MakeHeader.js
FN:20,(anonymous_0)
FN:23,(anonymous_1)
FN:29,(anonymous_2)
FN:38,(anonymous_3)
FN:84,(anonymous_4)
FNF:5
FNH:1
FNDA:1,(anonymous_0)
FNDA:0,(anonymous_1)
FNDA:0,(anonymous_2)
FNDA:0,(anonymous_3)
FNDA:0,(anonymous_4)
DA:20,6
DA:21,1
DA:23,1
DA:24,0
DA:25,0
DA:28,1
DA:29,1
DA:30,0
DA:32,0
DA:38,1
DA:40,0
DA:41,0
DA:46,1
DA:84,0
LF:14
LH:7
BRDA:30,0,0,0
BRDA:30,0,1,0
BRDA:40,1,0,0
BRDA:40,1,1,0
BRDA:47,2,0,0
BRDA:47,2,1,1
BRF:6
BRH:1
end_of_record
TN:
SF:src\components\MakeLabel.js
FN:161,(anonymous_0)
FN:171,(anonymous_1)
FN:172,(anonymous_2)
FN:178,(anonymous_3)
FN:205,(anonymous_4)
FN:276,(anonymous_5)
FN:288,(anonymous_6)
FNF:7
FNH:4
FNDA:1,(anonymous_0)
FNDA:0,(anonymous_1)
FNDA:0,(anonymous_2)
FNDA:17,(anonymous_3)
FNDA:0,(anonymous_4)
FNDA:13,(anonymous_5)
FNDA:1,(anonymous_6)
DA:161,6
DA:162,1
DA:163,1
DA:164,1
DA:166,1
DA:167,1
DA:169,1
DA:171,0
DA:172,0
DA:178,6
DA:200,17
DA:202,17
DA:205,17
DA:206,0
DA:207,0
DA:209,0
DA:210,0
DA:214,0
DA:215,0
DA:216,0
DA:219,0
DA:220,0
DA:223,0
DA:229,0
DA:230,0
DA:231,0
DA:232,0
DA:238,17
DA:276,13
DA:288,1
LF:30
LH:14
BRDA:214,0,0,0
BRDA:214,0,1,0
BRDA:214,1,0,0
BRDA:214,1,1,0
BRF:4
BRH:0
end_of_record
