TN:
SF:src\App.js
FN:18,App
FN:24,(anonymous_1)
FN:36,(anonymous_2)
FN:38,(anonymous_3)
FNF:4
FNH:3
FNDA:11,App
FNDA:11,(anonymous_1)
FNDA:11,(anonymous_2)
FNDA:0,(anonymous_3)
DA:23,11
DA:24,11
DA:25,11
DA:26,4
DA:27,4
DA:30,11
DA:31,0
DA:36,11
DA:37,11
DA:38,0
DA:40,11
LF:11
LH:9
BRDA:25,0,0,4
BRDA:25,0,1,7
BRDA:30,1,0,0
BRDA:30,1,1,11
BRF:4
BRH:3
end_of_record
TN:
SF:src\constants.ts
FNF:0
FNH:0
DA:1,10
LF:1
LH:1
BRF:0
BRH:0
end_of_record
TN:
SF:src\api-integration\Path.js
FNF:0
FNH:0
DA:1,7
LF:1
LH:1
BRF:0
BRH:0
end_of_record
TN:
SF:src\components\BulkEmail.js
FN:10,(anonymous_0)
FN:14,(anonymous_1)
FN:18,(anonymous_2)
FN:27,(anonymous_3)
FN:28,(anonymous_4)
FN:47,(anonymous_5)
FN:90,(anonymous_6)
FNF:7
FNH:6
FNDA:8,(anonymous_0)
FNDA:1,(anonymous_1)
FNDA:3,(anonymous_2)
FNDA:1,(anonymous_3)
FNDA:0,(anonymous_4)
FNDA:8,(anonymous_5)
FNDA:1,(anonymous_6)
DA:10,6
DA:12,8
DA:14,8
DA:15,1
DA:18,8
DA:20,3
DA:21,1
DA:22,1
DA:23,1
DA:25,1
DA:27,1
DA:28,0
DA:34,2
DA:36,2
DA:37,2
DA:40,2
DA:47,8
DA:49,8
DA:51,1
DA:70,7
DA:79,8
DA:90,1
LF:22
LH:21
BRDA:20,0,0,1
BRDA:20,0,1,2
BRDA:27,1,0,0
BRDA:27,1,1,0
BRDA:40,2,0,0
BRDA:40,2,1,2
BRDA:49,3,0,1
BRDA:49,3,1,7
BRDA:59,4,0,0
BRDA:59,4,1,1
BRF:10
BRH:6
end_of_record
TN:
SF:src\components\Login.js
FN:10,(anonymous_0)
FN:12,(anonymous_1)
FN:20,(anonymous_2)
FNF:3
FNH:3
FNDA:6,(anonymous_0)
FNDA:5,(anonymous_1)
FNDA:1,(anonymous_2)
DA:10,6
DA:11,6
DA:12,6
DA:13,5
DA:15,0
DA:20,6
DA:21,1
DA:23,6
LF:8
LH:7
BRDA:13,0,0,0
BRDA:13,0,1,5
BRDA:25,1,0,0
BRDA:25,1,1,6
BRF:4
BRH:2
end_of_record
TN:
SF:src\components\MakeCard.js
FN:13,(anonymous_0)
FNF:1
FNH:1
FNDA:3,(anonymous_0)
DA:13,6
DA:14,3
LF:2
LH:2
BRF:0
BRH:0
end_of_record
TN:
SF:src\components\MakeHeader.js
FN:20,(anonymous_0)
FN:23,(anonymous_1)
FN:29,(anonymous_2)
FN:38,(anonymous_3)
FN:84,(anonymous_4)
FNF:5
FNH:1
FNDA:2,(anonymous_0)
FNDA:0,(anonymous_1)
FNDA:0,(anonymous_2)
FNDA:0,(anonymous_3)
FNDA:0,(anonymous_4)
DA:20,6
DA:21,2
DA:23,2
DA:24,0
DA:25,0
DA:28,2
DA:29,2
DA:30,0
DA:32,0
DA:38,2
DA:40,0
DA:41,0
DA:46,2
DA:84,0
LF:14
LH:7
BRDA:30,0,0,0
BRDA:30,0,1,0
BRDA:40,1,0,0
BRDA:40,1,1,0
BRDA:47,2,0,0
BRDA:47,2,1,2
BRF:6
BRH:1
end_of_record
TN:
SF:src\components\MakeLabel.js
FN:161,(anonymous_0)
FN:173,(anonymous_1)
FN:174,(anonymous_2)
FN:180,(anonymous_3)
FN:278,(anonymous_4)
FN:290,(anonymous_5)
FNF:6
FNH:5
FNDA:3,(anonymous_0)
FNDA:1,(anonymous_1)
FNDA:0,(anonymous_2)
FNDA:20,(anonymous_3)
FNDA:13,(anonymous_4)
FNDA:3,(anonymous_5)
DA:161,6
DA:163,3
DA:164,3
DA:165,3
DA:166,3
DA:168,3
DA:169,3
DA:171,3
DA:173,1
DA:174,0
DA:180,6
DA:202,20
DA:204,20
DA:240,20
DA:278,13
DA:290,3
LF:16
LH:15
BRF:0
BRH:0
end_of_record
